
=================================================  2022-03-20 13:48:16.933707102 +03:00   ===============================================
Program Logs


Signature: WSsAXXjyCgrKgcGD6oR5wmdaLMsCmFsLrsdtsjFT8aCDhEfc3Eq9Pv4v7SWPJftw3Qsc42PjRJmK5bT618UqMF2
=================================================  2022-03-20 16:35:10.121795943 +03:00   ===============================================
Program Logs


Signature: H19K35uoQqtiXLM8oYg2xoZXPjF2EpCQNJUsu6fgmtcYguRJQkMDfJJrEs97FwKSyQoqC8bP146xp7NY49k753Y
=================================================  2022-03-20 17:36:27.968785484 +03:00   ===============================================
Program Logs


Signature: 2ATjQR1xcMDEPb259sdF3rE8d12iok8KU6McKh62JVUojTfvxqZ9D6RhsJBN2kCg2m5qo2butFXsicFoc14Aii9R
=================================================  2022-03-20 21:59:16.130606092 +03:00   ===============================================
Program Logs


Signature: 4bVAMkN4jJXQWuvHsfe98wUPo77DF1Xwt7TXAfFv19C5caxkRA1tLzxDmuDJjR1ekwvHKfGZwDhiDpjyd5srrKej
=================================================  2022-03-20 21:59:53.602071664 +03:00   ===============================================
Program Logs


Signature: 22yGMW8zfhSXtBgwumw9fdtEEgXza3hYNz99kBaTFTEm4n918yiArm7wScJ7d4VPajDES8bKT48r5eGvphCn3aT4
=================================================  2022-03-20 22:01:00.147603824 +03:00   ===============================================
Program Logs


Signature: 3ue2djKgEDudCR6ighkw9Q17qdVLqmcLgtg51C7osBWPcms8V8k33Ggm4q6DuvZ6E79rKzguBTx48XoaCMdtp4PS
=================================================  2022-03-20 22:03:58.900299341 +03:00   ===============================================
Program Logs


Signature: WnfPxhXJ7UJLpq6PhaHpZshmWwLJu1wsfTcYDB36KxfNjSF3194MHMipSz5YthryXX5Thm1qoZX2eDhVcpBFrvv
=================================================  2022-03-21 07:03:08.592257507 +03:00   ===============================================
Program Logs


Signature: 4ye25zNwm8Am8Fh5szSx3YsbJV3WiZNd1R7C2uzNEVv8tuGyLpiMnwSQdxcWySX486g2Vse7J2TPTu1fKyGJNaaz
=================================================  2022-03-21 07:03:32.145533564 +03:00   ===============================================
Program Logs


Signature: 4PpsqCWR5nNqymbdahoGtVVzFM8phT8kRez5Z7mHcdxZ2hqd4eoeAd26Jj83dxGBpueekekwZnTCiRw1RsXgktZy
=================================================  2022-03-21 07:10:11.397954822 +03:00   ===============================================
Program Logs


Signature: SrcM4uwUwaKEDvh6SXFgkCmXpnL8PkiwRAaMkDAgM7KmoDVMMxreW6TPLNKxvEMHiqrW6kXekfzn6i1cJdg93SX
=================================================  2022-03-21 07:13:12.643568006 +03:00   ===============================================
Program Logs


Signature: 5bcPQoLDuEXhSMx5osiqYoxMBYm5TLJBZk7VPzt2pnEzYDmUPXWp5e7EsMgL4PyKkv8ndLgFmtQEZCN5KKoDNbJQ
=================================================  2022-03-21 07:13:41.111487071 +03:00   ===============================================
Program Logs


Signature: 4zEAyoKh99xv4cRskZWRMp7EyRd49coy2WWYDQnc39Pi8A4xA69g4oesBpuQF1Pg27fKeucDaxR2GrtA3xuphDq7
=================================================  2022-03-21 07:14:06.637048559 +03:00   ===============================================
Program Logs


Signature: 4xXLX8r7CGSXb2pbvFBt2VKQ21MNYV249nNySVdcYhay4KpBjN63atFoP3gDza3XkEiKc3GbmoD52Qe9kVxLAsjB
=================================================  2022-03-21 07:14:36.492182619 +03:00   ===============================================
Program Logs


Signature: 3gSow7RUwgjaWNdyvUsFJQ4Vg7rrCd4gLv3FMbZTGovRfpL49YMyYjK3MAnsfZWfrpzXkBqWqgkr33i9CRwnXCHN
=================================================  2022-03-21 07:15:10.846071989 +03:00   ===============================================
Program Logs


Signature: m2DGc2KgusaJwyXMATEDdVZYapLpc9VWQpzLR9UPWXvh4dAWyYjq8d3NbmrV1koFRj4cVLv1NBZ3MuMVjNjtsyS
=================================================  2022-03-21 07:15:45.509354242 +03:00   ===============================================
Program Logs


Signature: 5gdeGfVaWFe5XdvnkZUSVmTs5G56fU3szQXbypjcPm1UKL48GwUjqwx6ni2E8646CqnAsPbFoVyyrQbqBYwZ7koe
=================================================  2022-03-21 07:16:11.981379264 +03:00   ===============================================
Program Logs


Signature: 2jveUNwx4yhLuhGL5PEUw5aHPNaEnARKPcgPLpBC5vrA4u1wKvzXbAZsGwVg2sZunjysywvjMEQGJvwy2HNE2Hmx
=================================================  2022-03-21 07:16:39.597183420 +03:00   ===============================================
Program Logs


Signature: 5sJ1cbt9V5aoiS2jBLHmSA3HhT8U1GEGexGZUaFZmtXcChVLiFJTwLUsmpJbY8uRQPxiUVveBHygAYtpTpv7ax4t
=================================================  2022-03-21 07:17:05.061025394 +03:00   ===============================================
Program Logs


Signature: 5o2oQnRYdETArZ7Wqy9RQ8GBXatwaDiFwSbPYHenaGHSt88DQmQPzx2GZZdh1VMqPSoBedmtgPwVj72cKN8h18kp
=================================================  2022-03-21 07:17:33.152423187 +03:00   ===============================================
Program Logs


Signature: 5KjqpyajbcdfviWMBQ46E9hysXKwUK3geoDbKws5J9KhZcf13Ka64iaRitBDEK4EZFaKkVKbmuhE9ZCk8p7LyQyg
=================================================  2022-03-21 07:17:57.254144603 +03:00   ===============================================
Program Logs


Signature: 2UCB3XiRYNVfDEtmn4uEXHpEpvWVsq2ExN43dQXAT1fxbYJjgk9SYbSWHL3c8BGfyH1he1oU4zW3r5rkPyGMRzH8
=================================================  2022-03-21 07:30:52.836953071 +03:00   ===============================================
Program Logs


Signature: 5ZSYG6PywULP18wRmTdrFPdt21Eua34DrXx1X3A7BZzPkDQcJQXKU5ryzQgezdJdne5SASUE2pwpTEikd9kEf73c
=================================================  2022-03-21 07:31:27.218706202 +03:00   ===============================================
Program Logs


Signature: 4QpHT8hVHj4qP8U3RktNZjkqmQHKPXBL6WGD7h7rPC4Ry8kZ8Cn6oQaYCimj7P24ZhUc89t3xmpLwxFcDGBUDTSj
=================================================  2022-03-21 07:31:58.047036704 +03:00   ===============================================
Program Logs


Signature: baW2cbg1r9zg1EgnZcKp7w7kfULxbwgnVC2G6spmXRPhpr9mmTexpj9JHVRamVW3uUWaycJ7qGuiiV6ddjKVb7a
=================================================  2022-03-21 07:32:25.538833144 +03:00   ===============================================
Program Logs


Signature: 3YKVc8hTg3VJPfTrUdE3d5EnhMTKeiNEfgoZPNgF3yPDiAJ82sDpuDwXBm4JkKs53KTN6PdJ2K1EuM8CxAFUpRAT
=================================================  2022-03-21 07:32:53.082460964 +03:00   ===============================================
Program Logs


Signature: 5CSRAkXjew8fqNU3NjhLYGhTFReeXAxTvMu1Fhwfk6TGrX8S1ZF2To7ieGmLPgkTPBapB5HR58XT3YKwi7JLMb6g
=================================================  2022-03-21 07:34:23.498309922 +03:00   ===============================================
Program Logs


Signature: 2fbNt7K1Gm9w5AUz3i2p9mTo9HUd4KMTYjJwzkN7RZZ2Lr96fDqb5jHHE78vCHbbWVqYK3qUDu3zZ6MPRRrAJRHx
=================================================  2022-03-21 07:34:54.615309982 +03:00   ===============================================
Program Logs


Signature: 4rD9JiBSh52WYgWTsNeK66a3mekkvU2883wmh1NgC8GzdrPyrAerWHK6pvBucjvkQ136jZehcNEGvm8ATFaib6QX
=================================================  2022-03-21 07:35:20.177653995 +03:00   ===============================================
Program Logs


Signature: 21d4vgB8qmGUdFWEMJV4T6dk3i7MtbbwUyCgJoBCn4X2GEcDufVAec6z51h3yKwPKdqRXGgU1uEd8x2L1zxsR2Zh
=================================================  2022-03-21 07:35:45.837637912 +03:00   ===============================================
Program Logs


Signature: H7521Ea9r4RA26FokHRc8RDZQ1mheZZdbSVC6LvpYAiouCdmxusJV1nQfKMdvGyKDkTH35ZCAekT9fPPhYKNfXM
=================================================  2022-03-21 07:36:15.046633477 +03:00   ===============================================
Program Logs


Signature: 2wMz4gqupScAJjRRUNZ3WZxPTnmtEv6xxDuj5Q1vqPwGg9eiWSRFXndYpijoEKTJsStgAneUWyu8TecbobvVakBp
=================================================  2022-03-21 07:36:46.403338934 +03:00   ===============================================
Program Logs


Signature: 3oeW4C1Xb7oEYBYyhU4Rqi8RQoFJNk2nXZdkNGSpKvc4CjBrrUG7wQnWf1CvJysvFLedooakWXPgPYa6iniELvwi
=================================================  2022-03-21 07:37:10.853505372 +03:00   ===============================================
Program Logs


Signature: 29L7bpaeKVMvZwLMTDtdWYoscHTg3FzB5ieP8ZbrUdBJPDxAGuYmuRVFCcuuS32YvrjT1RbLYju5Be7yJSgPuMey
=================================================  2022-03-21 07:37:42.027874471 +03:00   ===============================================
Program Logs


Signature: 3x2hocCpJJpk8uMrymD2iaU3N9jzNgmYrH1aCggWGduFnxAiwLNDGWogjZHrCeqnZnCgg7FAaQ4tPHC4ENUcCkVV
=================================================  2022-03-21 07:38:09.632242516 +03:00   ===============================================
Program Logs


Signature: 35P8b82dSdrAo7Lc8Pm53hJHe9TYraYHE9JSAjX8sha7z8JG2Fc7hdkLiKZeeWjxfEHWR18JiUuQtAYeDdrZhUQj
=================================================  2022-03-21 07:38:41.682566605 +03:00   ===============================================
Program Logs


Signature: 2eNVAtK8sahqxFSDKWnFpcWFbBs7qdkX5nKQWn9BjrEQ53Dk5Fio6U7JSrFDDUFyLWy27iHXq36QuvLCU1PUcFCi
=================================================  2022-03-21 07:42:25.914829437 +03:00   ===============================================
Program Logs


Signature: 3Z8L6r7S6YrrZNbAH5EXESTe2efh6GWTLQ3EfPiFoTnn7kA6dzuVdbJfCHwt49pTepXcLh7cGetJXjCmy4KoLvts
=================================================  2022-03-21 07:42:55.548466583 +03:00   ===============================================
Program Logs


Signature: 63A3RGw9R5SNp7kL3Bfnw9KSqCcc526oRFHNgKxHcCFxeefLaCeabPKeS9tLw9MWwm395bMc4NkpLfzTT7spkHV8
=================================================  2022-03-21 07:43:26.354093783 +03:00   ===============================================
Program Logs


Signature: YtM2ux6azZy415EqkghLnYjBLANhC8zZzevcE9VVvJ6n3CFx6kJpLU7wD6xoDUvQ2pJRYR8nuZ7xesJ3wQua2H2
=================================================  2022-03-21 07:43:53.191773122 +03:00   ===============================================
Program Logs


Signature: 5zrdZ1HTGkJcVaxA9ypLUL6R9mMBxmFiUhqg2UeBizXFMudT6JRYs9dBzvihvzD33VPixUSRsYfGhZc4fpmoqsnk
=================================================  2022-03-21 07:49:41.001037188 +03:00   ===============================================
Program Logs


Signature: 56eqzp1nu1pA2TXHUgviuaABS3KLPb5aYqfcKA3HQnHmUC5K1j8G4oxNYuL4Pt3JNdAGmu4U4VJ2AvrR3TQnsGZs
=================================================  2022-03-21 07:50:10.039533520 +03:00   ===============================================
Program Logs


Signature: 2vssykdnxAVoeXWYeqhonus4ARfwoH6qZnNKPd2BArvgwDtbSZgRHQ1S4geg3hDSPngVTqZ4DLMMfd1DU7XWZnKQ
=================================================  2022-03-21 07:50:48.939393436 +03:00   ===============================================
Program Logs


Signature: 5DbLzE5txqLmc7epop3Mm2xU8CPLU7ySkzMYEf2arGZuVwpJ7u7Dd9MNXuVrUkrpgKDDu3T5xshPGS9BejUwGde6
=================================================  2022-03-21 07:51:18.944026600 +03:00   ===============================================
Program Logs


Signature: 4W9JuvfCazvvD8cPTrc3QPm8vywLQDjxBKajeiQeLXTqfRdMnNcHASiEMPmzMG8sfZe4WTufcZBraLmogE9wq2Kq
=================================================  2022-03-21 07:51:54.584418443 +03:00   ===============================================
Program Logs


Signature: 2v9kY598ZyyKixNcfXhZLCLH5TtrYxGzCc9B41bp4Pe2mbRPKo5yZC6kguiVVQbmz7cCgRtFVETPS3dnYwQnsPDu
=================================================  2022-03-21 07:52:44.422536408 +03:00   ===============================================
Program Logs


Signature: 3rCJRQgLzusRxyVjecANpGZFJNVv8cyFJEFysTS45YpuCeznXRxBGEMhW3eePsePWGWm5XA35oT489WSNPrdN8kn
=================================================  2022-03-21 07:53:17.016318021 +03:00   ===============================================
Program Logs


Signature: 3t9PF1NTuNe1rkmDp7PaVSfHGCX11UC18JsSqb6rDJcnhUm72cRrP2EJMBhpGoZoixNMWhwBVKZFxTcqjUPcRWeT
=================================================  2022-03-21 07:53:41.573720959 +03:00   ===============================================
Program Logs


Signature: 3cYKDvqUAWPzUkg2egsrCJBAAirh16EoUSFdbWkNYAehBmY27xPesGrTM8mnrHjrWQ662gVZ7vaJWMBX6nHqbRCa
=================================================  2022-03-21 08:56:49.324582255 +03:00   ===============================================
Program Logs


Signature: 9K6QFgzJVgNZWggECF5NhmwtMoCh9MLBz9KN8XBhtPiiFSB7utZ78Xf7bfa2gEDTLyiwepWb2CWfpnsSeytANSF
=================================================  2022-03-21 09:09:26.102254418 +03:00   ===============================================
Program Logs


Signature: 2cbesCYsiWHeACTbJhyjFGBB4un4VqbM8usWUYkKXmgzbK1ixJn8oWQMtdCQesY2UwUTq9jFqyfKNuEQikHJFN9
=================================================  2022-03-21 09:32:02.136664559 +03:00   ===============================================
Program Logs


Signature: Rx2etbxArmXGBYn6dsT8vdZGCvHGAjESFaV6VfPeWfy5L6V92SkKPvpuWH7TNxe8BvFPMjqCuSdzWLryoE1YGwv
=================================================  2022-03-21 09:39:48.146078839 +03:00   ===============================================
Program Logs


Signature: 31ck6z8yUf8xWs1KSXmEtw8kbniVgiJXmojr2R7dvkVVtTGLG25yxcV98yu3voaQPr4kWwjZaMisAvEp7MAQU1kA
=================================================  2022-03-21 10:12:45.373526633 +03:00   ===============================================
Program Logs


Signature: 22fhL5wUbkQdaupvdD2JoEWkph3ejWDJcP7sezyh6kME2vt5CEJCECS1uGAooW3LVnqjUirvJ6RJWVAsfaeoWuDw
=================================================  2022-03-21 10:38:07.771835377 +03:00   ===============================================
Program Logs


Signature: 5TAS6VJSEhwVrQHULBZJDcnkiK6ToNpf9Ru6t6Xfc9AwyiN9najMuKpm7QMq8psjWXdSHAAUvEtcCRWQGMJbMns8
=================================================  2022-03-21 10:51:03.216292503 +03:00   ===============================================
Program Logs


Signature: 3fTS62Ud7Di3bNRDab6h3HK7RqEeX4eNp9yL6nB6jH9y9TS3oxMi5u5dQ5hVMjQ6bQ1nrkLTQeFmSn6DG395nah8
=================================================  2022-03-21 11:06:39.496974589 +03:00   ===============================================
Program Logs


Signature: 497YUVzgWsXgWtVZGaphHBcAqqpg2ei6a3CDsjhG414NbSZYns276YZXKZ8WziVHoo78AynH2k2pesLp9UB2sWh6
=================================================  2022-03-21 13:15:46.548567861 +03:00   ===============================================
Program Logs


Signature: mjZc9BeBqknk2ZyFSGfodY3hfiA8WFhSTuP7kV8Pci5xWvJqPeyXmdsUVU5e9ouc8tHAgs9mgnYBJd7u7BDWRop
=================================================  2022-03-21 13:16:12.686820925 +03:00   ===============================================
Program Logs


Signature: 4bJZ3EViU7WJJJWstJcptxRmx6pNPak82DwRyVMJ4Tdpt4KLfvL33wCZdjQSyb2mHxBV4r5BYWaHZ8hSd3C3E4h7
=================================================  2022-03-21 13:16:48.574550321 +03:00   ===============================================
Program Logs


Signature: 4hjYZJ4K9mipUv7poRhQKhau7HqqcBYbba4ZLmXR87j1p9N2TpWSnidsfxgTjfyJRYW6TZAohvfNdQmN1qGpRxUW
=================================================  2022-03-21 13:23:24.848441131 +03:00   ===============================================
Program Logs


Signature: 26W6NxAoK9sV7rBdvxihfCoHZrLyjwM4WecUx4EGEx6Jx86yVurjpZNLLRvVSuPgLjcBKq6pb1nqSPkoByiKzwN1
=================================================  2022-03-21 13:23:51.816912864 +03:00   ===============================================
Program Logs


Signature: 4mGdT5hnrKk1Mt9Vp6AyGRQoNuduPXk7wiVBR5hj4xycR4PkNMGwv4a2RB8gMM9Wk4Y3YjqrJnMQ2uYktNF7ABBS
=================================================  2022-03-21 13:24:19.956004948 +03:00   ===============================================
Program Logs


Signature: 5s64HrfTuv5XmzuuBAYKr2r1S6ux9ez472pbE2pmxiihPwPG4HJSZ8W2ggMsAwsTTnS7zLxZXV3UVLR8UukWGTSp
=================================================  2022-03-21 13:24:55.314311486 +03:00   ===============================================
Program Logs


Signature: BnaoMWwcUCmwdj6R71NA1RDfucQJisNEai563h1PVbrY14jYjUK7tv97nD7mtmcig5iywLngUBm9ELS5YsaNoAh
=================================================  2022-03-21 13:25:21.216616671 +03:00   ===============================================
Program Logs


Signature: 4pKqpvSWEFteXuAZfhtr1UQgs67ygznTPEnzVuA7DUw4r5jPWW1ZdHDA2A9WrLbbNu18QBo6XuR9MzfGkZCwiMmL
=================================================  2022-03-21 13:25:49.366606276 +03:00   ===============================================
Program Logs


Signature: 3j4ERytw4DpPG2EFXccWcArtFSyGn7Ks4ctou85Fjxzi68fe9jxVobbD9eVTV1mdEmtosLQdzNqZ5dUyp84bUcMM
=================================================  2022-03-21 13:26:17.526154213 +03:00   ===============================================
Program Logs


Signature: 31BsRmZRFLYgMSdw4XABiMo85B3eRKddthfcvZskFHK4RXsBiXD31GHpRa82SgE7CEPVAnTD9JGbFaaWCheBk9JH
=================================================  2022-03-21 13:26:49.377153065 +03:00   ===============================================
Program Logs


Signature: 3JQWpGJqdwvpzLDb3TBVEWvzdhhG4LsYK5CHWtgtevF3Ey9bcXo1hRUmu3NboqozdKhS6iUJ2jm78VHVB74WzD6S
=================================================  2022-03-21 13:33:14.350957505 +03:00   ===============================================
Program Logs


Signature: 5iQSdePePmYfkBkDMkraSQpJqqBjf3ny1CSsLfZcg2rr1cEhGDDyomt2knsevR2sNtNn8QTKZkRg62arE2MJE32i
=================================================  2022-03-21 13:53:27.241677181 +03:00   ===============================================
Program Logs


Signature: 5A2vcKn66dJM7VUy3jZMt3UTf9bRwrx6HHZHqGxdUR18hiYAgJgrUC7vxaTVuMQ7PiCj3oiiAvaC8uvTxjMXRz53
=================================================  2022-03-21 13:59:01.667500889 +03:00   ===============================================
Program Logs


Signature: 2BsGhWWDPqUVbhjEPcFUaDfGYQt3DVoBWLqp11jEbixiB5bJtPQdAWLz16Z9EkfVkUhGiReEnDi2JJUK81FpnuC3
=================================================  2022-03-21 14:00:54.492763501 +03:00   ===============================================
Program Logs


Signature: 57VGea7Z7iv72Gm5QQBhFs3AJs35uhrfD6Dhji7t9igk99quLvkud2USF59K1cAWSgGsVTzXwYKD6WHCzVDFjZEe
=================================================  2022-03-21 14:02:30.769342876 +03:00   ===============================================
Program Logs


Signature: 4E11phjDRLJcE4hniEeQWLNKtcN23LNKziRt66U4r96LYNQNhBhBoGuUF5XkAvZeaS5pFjbKKyQCNM87b7gHqe2w
=================================================  2022-03-21 14:07:46.982495478 +03:00   ===============================================
Program Logs


Signature: 2e8Z2Le3PneUvq8gaQk4F59tGpSmvXnY4szKqJE3obYLWQ6GjunQa1nXU8krGJFgGh37cfbKf4cKucVdtiTFmgHt
=================================================  2022-03-21 14:10:43.400615753 +03:00   ===============================================
Program Logs


Signature: 4LRi6EU2VLFqVTutCo5FXVuwy85GkiHHxWpFNjX3NJEYVHUcjA7D8YawbfMqcRLZwVmqL48AtHHGJBQfyiaiHb2M
=================================================  2022-03-21 14:12:06.105902531 +03:00   ===============================================
Program Logs


Signature: 3jhEX2qLit83jNLweULMxAVfpMcB4ze8NVSCwHECBL8wYZuztJ96UaXdM3qgBhW3ADsWspUEXb5kRzyPtPgADvSQ
=================================================  2022-03-21 14:15:06.901846407 +03:00   ===============================================
Program Logs


Signature: 2JxDWomGp1BF2D8HJ2F7hXVmWvsSt9zQGPPWETao4FFiUjYhPzig9fqp1cgHQmwrkQM322KEsKvJ7Peq6D2yejfZ
=================================================  2022-03-21 14:15:33.850449361 +03:00   ===============================================
Program Logs


Signature: 5G29o3z1STWsfQXaGGn3943he7Hb7DCnrnUa3XZdG1f4xMSq7wnwkUcKwPFNTJS9jiT913QC5UFVCvNwuSvLmYFK
=================================================  2022-03-21 14:16:03.395382435 +03:00   ===============================================
Program Logs


Signature: 4a6GvedAYQfP3V5j5NmKEH6wqx4zu38Z9vxLRuEX32Ua5M44avA3U91f5x5rvh4swUEqVFr2RVca2Yprk6yhXTLV
=================================================  2022-03-21 14:18:22.827128013 +03:00   ===============================================
Program Logs


Signature: 2BiW9JK6y27aHoq41jQxJ8AEz4CqWBKEB74MW9NK43fEkmSk3hwY4gLPpGCw1RaDvY1yEDMwNCqpwJmN9qC1fMnx
=================================================  2022-03-21 14:21:58.921880289 +03:00   ===============================================
Program Logs


Signature: jUe4Y96pnEXEk5ajcJRtYMd2osxH1yJwU9dt1wuJv3RHMjb67zwRXZ8TgZWWRrsAPptD3Ey2BLDSGxoxkxB496J
=================================================  2022-03-21 14:22:25.930679111 +03:00   ===============================================
Program Logs


Signature: 2k3Wa1HhgqZJZMGWQuNPBvRrTLuRygU7a4xRzo2xGheuiXNQiKMDcj1aBKZLYmPchZJCxdn4djYm99dGnhH34kT1
=================================================  2022-03-21 14:22:55.312611667 +03:00   ===============================================
Program Logs


Signature: 2uvmZrz27Qa71vCW3xf6n2moJbnYhPNxhtt8pvUifLvVJYhabUqnyoWnnpkS15iZZtZMnnAzfGMfkcq86Avj7XsJ
=================================================  2022-03-21 14:23:19.805187146 +03:00   ===============================================
Program Logs


Signature: Nza34iwnRt5p2nGjeJDi8RKhLb3zZmmX2pc6KoSAHvoriSWKx614hTTrA9k8JMz5zsyDaxpPifnUg5xnychbVJ7
=================================================  2022-03-21 14:23:51.519082051 +03:00   ===============================================
Program Logs


Signature: 3nWDY7pKF3UBz4nu7JdHBKjjk3UrMkYXBisR3WNbsFpp1g98PqDhuaeo3vVQPFghEdMZfm9yuVKnSiB79S8fYFhn
=================================================  2022-03-21 14:24:33.188615764 +03:00   ===============================================
Program Logs


Signature: 3jSSkJkDiHLxcJPMJ14LKpSDUatDAfGLek1AsuHgroasxDEAuNGLVucqY9oS1uXtEH2oFpiqJXAhTFt9hXk2TiN1
=================================================  2022-03-21 14:25:00.378034160 +03:00   ===============================================
Program Logs


Signature: 48gu86e933spJXzfzGXPeV747WEcQ6ACbo2NBjHhvQN8GVi4aawe6Y4p2Easztk6XKmYLucu9gXvrxSmkut4FkAt
=================================================  2022-03-21 14:25:27.121944541 +03:00   ===============================================
Program Logs


Signature: 5NuXd9Tx1eNodu1JW9CvN2FmuuCJuY1ehs7ioeRfkGb31RCvFBEZ4y7xowFYU56yx7U5TBnbigeFLhrftTEA3P9e
=================================================  2022-03-21 14:25:56.738717674 +03:00   ===============================================
Program Logs


Signature: 68iytCJzPuQhgAgL6j3TbQ8hbwaduyHYktN3jeC35NdpBfjXq8d6fdCNYytrv1vznDa9HQfzjiTeV7w5F54TThG
=================================================  2022-03-21 14:26:22.260264280 +03:00   ===============================================
Program Logs


Signature: CuSVYkjGjbW39vpf6MLULYxVX2yCUfX6zvZKvMRsKyqzseprrJSoGrUzxpL5kMFMzYgzR8FGFTz3dduSuriUEdb
=================================================  2022-03-21 14:29:10.700906893 +03:00   ===============================================
Program Logs


Signature: 2f9Cs9b4qk7YxLJ4n58T22Y4V6GJ5HvEUiatY7erMXsTeKw8VdP95pbs4jvVLjUvRGfNMb8avFTzTRcLGscggK1V
=================================================  2022-03-21 14:32:03.474192188 +03:00   ===============================================
Program Logs


Signature: 5fac9y7maYMGyWw2XEViDAwzVS5c652JqrMWcNzaffn7fTaEdqr5BHGiEWT2RAhhJfDt5obWwxAovSYQVnZAZWPd
=================================================  2022-03-21 14:35:08.838650047 +03:00   ===============================================
Program Logs


Signature: 4DjVGcx8MVXMDT4waDDgLZRz6n9GH9mFtJSFKYSCPFUDbaaDjhUCSaCj3A8mcCuRQJe1u2H5te9o9Jv6Uh1ySqLR
=================================================  2022-03-21 14:36:02.970092055 +03:00   ===============================================
Program Logs


Signature: 4AFRMwFsVPCfwNkXZy3uL9AXAoYfQrj7Eixtz7NrcdEXuzoMWsRZGBnTgR2cyJFpKKSPnphkiXWRNnoEmkSo5zrG
=================================================  2022-03-21 14:39:01.925997015 +03:00   ===============================================
Program Logs


Signature: qGUg5bzhoyUnqPDfj7kcHbtW6znGN69dVFD3PeEEfxuq216yGziFTvRrqRXDApM9QC1TANaZhQmhMMFna8NtwJj
=================================================  2022-03-21 14:41:47.992810109 +03:00   ===============================================
Program Logs


Signature: 5J3se9x2KxFTTkHqGhhQ4ezv82HwqSPeZr5guuNsHpD7mwgHsxd9LpJJbMEcYe9RgJrbHEx6ixGci169KaGW1Bmx
=================================================  2022-03-21 14:44:42.236111196 +03:00   ===============================================
Program Logs


Signature: rKoCEjVDi9ATZe6EeMdUwkfVRAE1E487yvrMEg6oF2p11GyCuE6kANxrLitJJmxQW6us7QgrWnKat4LSEEr7EZP
=================================================  2022-03-21 14:45:15.213242942 +03:00   ===============================================
Program Logs


Signature: 44BTTAQm2icVtuXzhZPGXNQdBcphnjtV5UVrXR1AVtA8qfMW1K3aHsv2V6nALUyzTKfUgT8JP4yAEMm14xsXToKK
=================================================  2022-03-21 14:46:16.403603666 +03:00   ===============================================
Program Logs


Signature: 3mmARqRhgSfcpverqPZ8bESB7ebBtDEQCYfLzvD8A4Y4aVBgcZoEsjxJuqWwDAQbvjnnhoqu5K2TVMaQJno26jkA
=================================================  2022-03-21 14:46:59.169192467 +03:00   ===============================================
Program Logs


Signature: 5sPdXCQWRi7DXAkbN4ma5WNjrP1fQTHLtMV4KimLmYQrDtbMCyptiT3KaAc9u7FzA7EQLypM48iLTPw7pwfDtPVZ
=================================================  2022-03-21 14:47:34.541290878 +03:00   ===============================================
Program Logs


Signature: 4NTsmujc2t3fBpJCMAUVfBY5jGEVjwxdwuZzXJdYLjbv31CHetYCQcDibvUcPiyxdHbPM8rqpMLQE7X7nVgYN3WJ
=================================================  2022-03-21 14:48:04.139853472 +03:00   ===============================================
Program Logs


Signature: hWXm6VRCT41GwQk4ttSdxotH2jEJtMTyhAECx7JDVQx3CFQ75SCPGg2W759MLFapV5GBBG16McfiWUZ4pJ8N1R8
=================================================  2022-03-21 14:57:10.991999797 +03:00   ===============================================
Program Logs


Signature: 4eLDp6p4GJgUEYdQsvBP4kXegPpCUUvpZ42BAaTSRCyNtg4dnVq5N57sKXqXNHGY4w9tSzLQcyouLXBtkbcfcjeA
=================================================  2022-03-21 14:58:58.267840278 +03:00   ===============================================
Program Logs


Signature: 2a8WmN5tr2VGeApTt1SPFm6P3o8kPyWRQUoDY7sQgDz4dvmPwAvVFEJjDK9Qvqw4tth3wVp1XDUWWF1mXdE1dKN4
=================================================  2022-03-21 14:59:47.168998558 +03:00   ===============================================
Program Logs


Signature: 63moUkXgojk3BAZsJAexhaxh3izE389NMNkU3aa4VT53dfrmRY5fxVg4km66SQv2MWDowgTnfE5ShCd8wRcRur3q
=================================================  2022-03-21 15:00:16.803693489 +03:00   ===============================================
Program Logs


Signature: 317QVc2ry3xwSA4hKRHpGFzQGaHDUPmW7QZv4vjJJed1tRYwdHKjqNTSsx69vBTi57fzMB4ScNBLX3PShBRpXgwn
=================================================  2022-03-21 15:00:58.963838924 +03:00   ===============================================
Program Logs


Signature: 65fcimKLYSQcPnqwjnk7tRxdMwXUiy56YCV2foQhoMMSXv42CSfX7DVW1YnaLzfGmR2GzwXdSsJCkLMQNyPKmLvR
=================================================  2022-03-21 15:01:44.220260483 +03:00   ===============================================
Program Logs


Signature: 3DNfwuYJ9o32MaNDoY4CXgX3CVrcEqi3S9wm1kzKrJjKNwcaP8A7UAbX7gaPag3qhLrk6KmStsvtVURwegk1hSKH
=================================================  2022-03-21 15:02:11.192054987 +03:00   ===============================================
Program Logs


Signature: GV7bZKTcnLHoTgwNX34NBRy4vzpCqYsU2PRNKjWGpbezLRj9vtxPdQv7MCfjzNatobhievRfSr5c4jfUbXo45VA
=================================================  2022-03-21 15:05:32.204133970 +03:00   ===============================================
Program Logs


Signature: 39K7BudwGfSk5VswFcirmUJZdMRRLSTLwoJKEgiNoJA9wj5c6H4eXeuL3TxNMVpqM4DJKJCGbfg5ZL55EGtnpETA
=================================================  2022-03-21 15:07:18.004090011 +03:00   ===============================================
Program Logs


Signature: 3TvhLyGx58Adr1jmuEnFRirJenT1H1WLuP46y1V1jZuysehAq5vMGgkuTJBcUFofPz4XEibJuTpJbTmC2kDhQ1Pz
=================================================  2022-03-21 15:07:42.676972868 +03:00   ===============================================
Program Logs


Signature: QJNkThj1meD5Uz1LY1oMG6Mg77J9sZBVeYDrD8zaAPmzwt3mbkLZ6fiow1dcGR58FGRJX3hwmHfzV8Z4HzDB7SS
=================================================  2022-03-21 15:20:25.491735050 +03:00   ===============================================
Program Logs


Signature: 2CEBPGnbg6VEKMpzZgPxCQQJAN4gjhutC8UJ3kgyHpXWhSbeQ68gnSSn1yn8veVqPvSLZx4HMnuKQuBVBzBgGQCE
=================================================  2022-03-21 15:22:42.586997157 +03:00   ===============================================
Program Logs


Signature: 4Ayh3WvWFViM46xPNeCw61shJzm5DoXhdUPxT3KzmZS6WLfKNz3Wtzhcmj7rQjD9WF9tBaEcckRCAsZuJjXa7EGG
=================================================  2022-03-21 15:24:54.298478076 +03:00   ===============================================
Program Logs


Signature: 5bQFX2JniG49Mf2VZtV4gNRtRpEDQ5H93Uim8E5cMwFTZ6hG9ZjVucqENkY51MGjTjHsyvatgGJMC7h2kRmEm5kG
=================================================  2022-03-21 15:28:56.788883120 +03:00   ===============================================
Program Logs


Signature: 2JCjcHocYgd9eFV46DZpAt4av11roNVtVgBg6GZEdUMX5vaMAYefwgAJXCAWZaJ8pyu8vm1Mes522uqhXhZ5Hz2A
=================================================  2022-03-21 15:29:30.571482305 +03:00   ===============================================
Program Logs


Signature: gh6LmXHe6d4wWSajq9jZDcRLPQgvt6MDp2YNm4H4iseAVfL42skhSodjeRq4yhU9YforTWAidZ6JUj9ZS8WcUnW
=================================================  2022-03-21 15:30:01.420230768 +03:00   ===============================================
Program Logs


Signature: 2CN36JssXixwCkf7vpW9uXaPSoDo8ip7BFKPZ4MCbWyxzUW8z4oBFgr8wCJNMo6U7t6yuC4zGN27sR6vSJgTRdLp
=================================================  2022-03-21 15:30:29.468204825 +03:00   ===============================================
Program Logs


Signature: 5Ef57wn5oDqVH6pNWvTLkGQh6gqXLZivNX66nQRmKCJVwaUiqf6ghWKoYKPEhvpy9CaZx2hbADfF1SNELYar8MKR
=================================================  2022-03-21 15:31:01.765842044 +03:00   ===============================================
Program Logs


Signature: 2uRP64ZzhyNNVNWKTm9EDN2xqHhJDe5529LBTNdHD7RsXEFniERaxXzAvaHbLMar74FyvcAa7AUK6AsFtnqYtW2P
=================================================  2022-03-21 15:31:30.290452827 +03:00   ===============================================
Program Logs


Signature: 4XDjDKazf6AesNZUpZUDXLrrD8W5iGfFsqiSevPus63rxGpAMKXLtwVkfYdiex58txw454UPPS4dy3NQ9eizCgnr
=================================================  2022-03-21 15:32:01.571682555 +03:00   ===============================================
Program Logs


Signature: 4Ju3B3K5gupZQvhF2wt5FVQGtvKx1eUnxes7t4zG4A6gzhYBSL54coAeWcmuxLe7MJz3qYSfrzeRt5fqNgtTwBZq
=================================================  2022-03-21 15:32:29.849538414 +03:00   ===============================================
Program Logs


Signature: 3VSxcxX9APj6KJQ9xg5e3bhG6Uc3bWnSojjKKpphE8ZH4W1bxdd5RwmUy2Y8LLnhQhE756ZkPZM1TMG5uoHwkqjf
=================================================  2022-03-21 15:35:06.168039975 +03:00   ===============================================
Program Logs


Signature: 4Frf92cL6urzyu28ymoLR6P7NQtvnPf24q5bHCLPYdUbaiY3NXtRKnu2dzJdM4qzrZ4LF3Ehci6Y7fUZDJFyGW1W
=================================================  2022-03-21 15:38:08.993130304 +03:00   ===============================================
Program Logs


Signature: 2XczWq2aQWy8Wir2LNtDELrzq4RjpsMwmD9spPLbejts3ho9DvQvGqzAZWasMus4irfcJGoav5GAjj4Xq1NDjndY
=================================================  2022-03-21 15:39:37.023482903 +03:00   ===============================================
Program Logs


Signature: 64Gky6pTKB4aZR4CWn7YPACEYP4kVn3UVdx9rDaTdDnHWj6EbvgUokpDHQhfCRxGE66oyWRnyqthLs9DjtW6Kvex
=================================================  2022-03-21 15:40:07.492495616 +03:00   ===============================================
Program Logs


Signature: Q1WJekodQJaDnrSaxsxGrFipCM2bQTPjzPD6ZYBiAF62wdvAoh5GF1Q4MXv3Axs2FBEcfkahk3ZWZuQohuAxBXn
=================================================  2022-03-21 15:40:45.004454439 +03:00   ===============================================
Program Logs


Signature: 2fUAmu2bphBKuKgWZKXJWrxCUXjA2SvTAh6ABBf4SN94tW7AmJmsQx4fhPQrJqxqEo9KnFRuSi8xqQJ4vV6KfnzL
=================================================  2022-03-21 15:41:21.568793127 +03:00   ===============================================
Program Logs


Signature: 5Lk2yzcse1LhptVzBtpukVT5HPGzPwAqEyaqb5ifw8SMoEqgyfYzCcsZrSGuX6oxnBEo9qihXVuKY5TEqfcBc8tE
=================================================  2022-03-21 15:41:54.639454868 +03:00   ===============================================
Program Logs


Signature: 53d8K4DUqmfqkxFGq8Wxhq7TMnrU1wLnejsRa32CD792eshpXPNg73GccwR9riBzhVx2hq3cNFWoaDJ8R9Yu37FU
=================================================  2022-03-21 15:47:33.310321779 +03:00   ===============================================
Program Logs


Signature: 2xx2Qx7FR7yW319qpi4B6ZmGsPDRsRNyt4ng9zuxFa7DLZWCCmUTev74ej5hizDS6YE75xJvSvfdp2cJrw1kL8iX
=================================================  2022-03-21 15:48:40.531797921 +03:00   ===============================================
Program Logs


Signature: 5vNzi9wD6QJvF5uhUzeZJXXD2U7AR9yFp4iy7A8kMe6YMMcbdyQmZHeKBPqkrQnWsxLKFkohAdSqvK8sond4g5LW
=================================================  2022-03-21 15:51:33.076623777 +03:00   ===============================================
Program Logs


Signature: 31UHMxnZaec8vRSGkePfQQMHtotK5rooxQECq6VDsEY6RGMaK6dCACMj4vxQaGcEuPWs8LZCHmNc2tqdjLnUbGzT
=================================================  2022-03-21 15:56:39.419745222 +03:00   ===============================================
Program Logs


Signature: zndQJypDH41pZsKhPhhGkq2D7z9X7kJYnwE1vVYcN6GfGZkYkhogLPgUVgjLjiEo98Ee9rrZ87o5k1acLwa7Mhc
=================================================  2022-03-21 16:03:45.586143586 +03:00   ===============================================
Program Logs


Signature: 3DLj7SUM2mhmpNM1QVe4dMdLx5QiZghpeYtzDsniVJit3UtEZACrj8RfDEZc6mhVhYn3tPvTr3vfTRfTaiAdWjEA
=================================================  2022-03-21 16:06:10.003860127 +03:00   ===============================================
Program Logs


Signature: HZSDz87oUFeLdFMbShBfSoeHKWb4YmQnps67U4rrPjEKhJmDD5p2GKBWYiUKgbR24JWfFFdVUw9s3prkTysozaz
=================================================  2022-03-21 16:07:57.694508192 +03:00   ===============================================
Program Logs


Signature: 2Qc7S4EpHX39ktpPTp4wfpE9dAQsnrzZfKfJuU829qgTbSRwT8KzKT5zPoQKthBuJ75oNXaqV3eJir6g5AWGvB8
=================================================  2022-03-21 16:12:59.786398189 +03:00   ===============================================
Program Logs


Signature: 5ZjnojUKHZstmpoJA8oaWVZVdf58PviCFUJbx3rKns7trNrjkVjgoH3z5czd4HzZSRMfmU2GNc4SGnmAq8KL4XYb
=================================================  2022-03-21 16:13:25.599400467 +03:00   ===============================================
Program Logs


Signature: 3jghMNiQ8uU7ctifmEfXHY6PShJPAfCGSyXGiKzyhnVntggVsYdnzxiuHkHars5fyjCqTeap5b3x1rF1SkKGZhNt
=================================================  2022-03-21 16:14:05.285850448 +03:00   ===============================================
Program Logs


Signature: iTun1JtkC4Y866imozyp8dMvxNsXxEy2cqmANTpd4JDQTumzCBaUWo1p8EzK5uyCH4WeMsgMxJoGVbKy2W13Cph
=================================================  2022-03-21 16:14:37.679638360 +03:00   ===============================================
Program Logs


Signature: 4UWMbcW3PMMFbo66KzFqCLtC5zULeeDrVr7FF9AYgDfHyxZqUXgC8o15gZPEvsPXr2eiTXWncZ7jNGTNWhoC3bTZ
=================================================  2022-03-21 16:18:59.930381330 +03:00   ===============================================
Program Logs


Signature: 5kWPbkMTeRFH3V9dMLJfcMdnQkXpvqjtMg1ktuKfMiQ7uqeETMpixTWZ9nF3KLtRStw5EoUcuuSw1A5Mb8pC9aZM
=================================================  2022-03-21 16:20:04.092529972 +03:00   ===============================================
Program Logs


Signature: 4zxQyk9gtA9Z2KvnzWUGeAHh71n6go77JJoksFdgCWFwJSVLEmQdLixm8acHdK469eHjAxuwz9vNdU8T21bMYnyh
=================================================  2022-03-21 16:20:31.409241700 +03:00   ===============================================
Program Logs


Signature: 4Z7uYYY4NVRnsHGdms7q1RNuGbjNuSh7nnTR5rsBr5f9Xs6jp1wRpJUF6gaWsYKRe2rAjhYwrkhUBjN4g25gsdZz
=================================================  2022-03-21 16:21:04.614511481 +03:00   ===============================================
Program Logs


Signature: 49SX4xoZyGpX5HyrzuZipNoAfTdtW3ZRD7WrSmVNAUevNZMx3CNvy1jcbZVK3doT2ysYGJfR1g8gVZSKRw8R7D19
=================================================  2022-03-21 16:21:31.936983360 +03:00   ===============================================
Program Logs


Signature: 3CBJYPTqaYvp9p7kxJ1eDpLgm6JLdnAiaYU5VCjFMEPbnXnxxkkQkRUTjJLgxKwp8wXQyecF58Rk43rrJT4ZT7FE